{"/Users/mahak/Desktop/Swigger/src/components/RestaurantCard.js": {"path":"/Users/mahak/Desktop/Swigger/src/components/RestaurantCard.js","statementMap":{"0":{"start":{"line":3,"column":23},"end":{"line":34,"column":1}},"1":{"start":{"line":4,"column":22},"end":{"line":4,"column":27}},"2":{"start":{"line":6,"column":2},"end":{"line":6,"column":23}},"3":{"start":{"line":14,"column":6},"end":{"line":14,"column":19}},"4":{"start":{"line":16,"column":2},"end":{"line":33,"column":4}},"5":{"start":{"line":38,"column":28},"end":{"line":49,"column":1}},"6":{"start":{"line":39,"column":2},"end":{"line":48,"column":4}},"7":{"start":{"line":40,"column":4},"end":{"line":47,"column":6}}},"fnMap":{"0":{"name":"(anonymous_0)","decl":{"start":{"line":3,"column":23},"end":{"line":3,"column":24}},"loc":{"start":{"line":3,"column":34},"end":{"line":34,"column":1}},"line":3},"1":{"name":"(anonymous_1)","decl":{"start":{"line":38,"column":28},"end":{"line":38,"column":29}},"loc":{"start":{"line":38,"column":48},"end":{"line":49,"column":1}},"line":38},"2":{"name":"(anonymous_2)","decl":{"start":{"line":39,"column":9},"end":{"line":39,"column":10}},"loc":{"start":{"line":39,"column":20},"end":{"line":48,"column":3}},"line":39}},"branchMap":{},"s":{"0":1,"1":1,"2":1,"3":1,"4":1,"5":1,"6":0,"7":0},"f":{"0":1,"1":0,"2":0},"b":{},"_coverageSchema":"1a1c01bbd47fc00a2c39e90264f33305004495a9","hash":"5950b4283edb7a80fe49f3dace0e350e4805fa29"}
,"/Users/mahak/Desktop/Swigger/src/utils/constants.js": {"path":"/Users/mahak/Desktop/Swigger/src/utils/constants.js","statementMap":{"0":{"start":{"line":2,"column":2},"end":{"line":2,"column":93}},"1":{"start":{"line":5,"column":2},"end":{"line":5,"column":4258}},"2":{"start":{"line":8,"column":2},"end":{"line":8,"column":125}},"3":{"start":{"line":10,"column":24},"end":{"line":10,"column":56}}},"fnMap":{},"branchMap":{},"s":{"0":1,"1":1,"2":1,"3":1},"f":{},"b":{},"_coverageSchema":"1a1c01bbd47fc00a2c39e90264f33305004495a9","hash":"9da986f3785d670b442efbf8a9974750310026bc"}
}
